[debug] [2026-05-12T09:35:05.104Z] ----------------------------------------------------------------------
[debug] [2026-05-12T09:35:05.106Z] Command:       /home/nikita/.nvm/versions/node/v24.13.0/bin/node /home/nikita/.nvm/versions/node/v24.13.0/bin/firebase init
[debug] [2026-05-12T09:35:05.106Z] CLI Version:   15.17.0
[debug] [2026-05-12T09:35:05.106Z] Platform:      linux
[debug] [2026-05-12T09:35:05.106Z] Node Version:  v24.13.0
[debug] [2026-05-12T09:35:05.106Z] Time:          Tue May 12 2026 14:35:05 GMT+0500 (Казахстан)
[debug] [2026-05-12T09:35:05.106Z] ----------------------------------------------------------------------
[debug] 
[debug] [2026-05-12T09:35:05.107Z] >>> [apiv2][query] GET https://firebase-public.firebaseio.com/cli.json [none]
[info] 
     ######## #### ########  ######## ########     ###     ######  ########
     ##        ##  ##     ## ##       ##     ##  ##   ##  ##       ##
     ######    ##  ########  ######   ########  #########  ######  ######
     ##        ##  ##    ##  ##       ##     ## ##     ##       ## ##
     ##       #### ##     ## ######## ########  ##     ##  ######  ########

You're about to initialize a Firebase project in this directory:

  /home/nikita/Документы/test-port/client

[debug] [2026-05-12T09:35:05.967Z] <<< [apiv2][status] GET https://firebase-public.firebaseio.com/cli.json 200
[debug] [2026-05-12T09:35:05.968Z] <<< [apiv2][body] GET https://firebase-public.firebaseio.com/cli.json {"cloudBuildErrorAfter":1594252800000,"cloudBuildWarnAfter":1590019200000,"defaultNode10After":1594252800000,"minVersion":"3.0.5","node8DeploysDisabledAfter":1613390400000,"node8RuntimeDisabledAfter":1615809600000,"node8WarnAfter":1600128000000}
[debug] [2026-05-12T09:36:14.235Z] ExitPromptError: User force closed the prompt with SIGINT
    at Interface.sigint (/home/nikita/.nvm/versions/node/v24.13.0/lib/node_modules/firebase-tools/node_modules/@inquirer/core/dist/commonjs/lib/create-prompt.js:101:37)
    at Interface.emit (node:events:508:28)
    at [_ttyWrite] [as _ttyWrite] (node:internal/readline/interface:1327:18)
    at ReadStream.onkeypress (node:internal/readline/interface:284:20)
    at ReadStream.emit (node:events:520:35)
    at emitKeys (node:internal/readline/utils:371:14)
    at emitKeys.next (<anonymous>)
    at ReadStream.onData (node:internal/readline/emitKeypressEvents:64:36)
    at ReadStream.emit (node:events:508:28)
    at addChunk (node:internal/streams/readable:559:12)
[error] 
[error] Error: An unexpected error has occurred.
